<?xml version="1.0" encoding="UTF-8"?>
<!-- Generated by org.testng.reporters.JUnitXMLReporter -->
<testsuite hostname="ravis-MacBook-Pro.local" name="Android_SmokeTest" tests="9" failures="0" timestamp="22 Feb 2016 17:00:19 GMT" time="4457.005" errors="0">
  <testcase name="@BeforeTest Capabilities_Launch" time="0.0" classname="com.twc.AD_TestSuite.Smoke_Test">
    <failure type="org.openqa.selenium.SessionNotCreatedException" message="A new session could not be created. (Original error: Bad app: /Users/monocept/Documents/workspace_luna/com.twc.androidLogcat/APKFile1/Show. App paths need to be absolute, or relative to the appium server install dir, or a URL to compressed file, or a special app name. cause: Error: Using local app, but didn&amp;apos;t end in .zip, .ipa or .apk) (WARNING: The server did not provide any stacktrace information)
Command duration or timeout: 100 milliseconds
Build info: version: &amp;apos;2.51.0&amp;apos;, revision: &amp;apos;1af067dbcaedd7d2ab9af5151fc471d363d97193&amp;apos;, time: &amp;apos;2016-02-05 11:20:57&amp;apos;
System info: host: &amp;apos;ravis-MacBook-Pro.local&amp;apos;, ip: &amp;apos;172.16.0.3&amp;apos;, os.name: &amp;apos;Mac OS X&amp;apos;, os.arch: &amp;apos;x86_64&amp;apos;, os.version: &amp;apos;10.11&amp;apos;, java.version: &amp;apos;1.8.0_60&amp;apos;
Driver info: io.appium.java_client.android.AndroidDriver">
      <![CDATA[org.openqa.selenium.SessionNotCreatedException: A new session could not be created. (Original error: Bad app: /Users/monocept/Documents/workspace_luna/com.twc.androidLogcat/APKFile1/Show. App paths need to be absolute, or relative to the appium server install dir, or a URL to compressed file, or a special app name. cause: Error: Using local app, but didn't end in .zip, .ipa or .apk) (WARNING: The server did not provide any stacktrace information)
Command duration or timeout: 100 milliseconds
Build info: version: '2.51.0', revision: '1af067dbcaedd7d2ab9af5151fc471d363d97193', time: '2016-02-05 11:20:57'
System info: host: 'ravis-MacBook-Pro.local', ip: '172.16.0.3', os.name: 'Mac OS X', os.arch: 'x86_64', os.version: '10.11', java.version: '1.8.0_60'
Driver info: io.appium.java_client.android.AndroidDriver
	at org.openqa.selenium.remote.ErrorHandler.createThrowable(ErrorHandler.java:206)
	at org.openqa.selenium.remote.ErrorHandler.throwIfResponseFailed(ErrorHandler.java:158)
	at org.openqa.selenium.remote.RemoteWebDriver.execute(RemoteWebDriver.java:678)
	at io.appium.java_client.DefaultGenericMobileDriver.execute(DefaultGenericMobileDriver.java:42)
	at io.appium.java_client.AppiumDriver.execute(AppiumDriver.java:1)
	at io.appium.java_client.android.AndroidDriver.execute(AndroidDriver.java:1)
	at org.openqa.selenium.remote.RemoteWebDriver.startSession(RemoteWebDriver.java:249)
	at org.openqa.selenium.remote.RemoteWebDriver.<init>(RemoteWebDriver.java:131)
	at org.openqa.selenium.remote.RemoteWebDriver.<init>(RemoteWebDriver.java:144)
	at io.appium.java_client.DefaultGenericMobileDriver.<init>(DefaultGenericMobileDriver.java:37)
	at io.appium.java_client.AppiumDriver.<init>(AppiumDriver.java:160)
	at io.appium.java_client.AppiumDriver.<init>(AppiumDriver.java:168)
	at io.appium.java_client.android.AndroidDriver.<init>(AndroidDriver.java:69)
	at com.twc.AppiumAutoStart.Capabilities_android.dcap(Capabilities_android.java:82)
	at com.twc.AD_TestSuite.Smoke_Test.Capabilities_Launch(Smoke_Test.java:272)
... Removed 32 stack frames]]>
    </failure>
  </testcase> <!-- @BeforeTest Capabilities_Launch -->
  <testcase name="@BeforeClass getBuildVersion" time="0.0" classname="com.twc.AD_TestSuite.Smoke_Test">
    <skipped/>
  </testcase> <!-- @BeforeClass getBuildVersion -->
  <testcase name="AD_C333179_Verify_AdCall_On_PulltoRefresh" time="0.009" classname="com.twc.AD_TestSuite.Smoke_Test">
    <skipped/>
  </testcase> <!-- AD_C333179_Verify_AdCall_On_PulltoRefresh -->
  <testcase name="AD_C333174_FactualCall_On_FreshLaunch_RE" time="0.0" classname="com.twc.AD_TestSuite.Smoke_Test">
    <skipped/>
  </testcase> <!-- AD_C333174_FactualCall_On_FreshLaunch_RE -->
  <testcase name="AD_C333173_Verify_WeatherFX_ApiCall_On_FreshLaunch_RE" time="0.001" classname="com.twc.AD_TestSuite.Smoke_Test">
    <skipped/>
  </testcase> <!-- AD_C333173_Verify_WeatherFX_ApiCall_On_FreshLaunch_RE -->
  <testcase name="AD_C333182_LotameAdTargeting_On_AppLaunch" time="0.001" classname="com.twc.AD_TestSuite.Smoke_Test">
    <skipped/>
  </testcase> <!-- AD_C333182_LotameAdTargeting_On_AppLaunch -->
  <testcase name="AD_C333175_Verify_Ad_Present_On_HourlyExtended_page" time="0.001" classname="com.twc.AD_TestSuite.Smoke_Test">
    <skipped/>
  </testcase> <!-- AD_C333175_Verify_Ad_Present_On_HourlyExtended_page -->
  <testcase name="AD_C333180_Verify_Ad_Present_On_DailyExtended_page" time="0.001" classname="com.twc.AD_TestSuite.Smoke_Test">
    <skipped/>
  </testcase> <!-- AD_C333180_Verify_Ad_Present_On_DailyExtended_page -->
  <testcase name="AD_C333176_Verify_Ad_Present_On_MapsExtended_page" time="0.0" classname="com.twc.AD_TestSuite.Smoke_Test">
    <skipped/>
  </testcase> <!-- AD_C333176_Verify_Ad_Present_On_MapsExtended_page -->
  <testcase name="AD_C333177_Verify_Ad_Present_On_NewsExtended_page" time="0.0" classname="com.twc.AD_TestSuite.Smoke_Test">
    <skipped/>
  </testcase> <!-- AD_C333177_Verify_Ad_Present_On_NewsExtended_page -->
  <testcase name="AD_C333172_Verify_AdCalls_On_CleanLaunch" time="0.0" classname="com.twc.AD_TestSuite.Smoke_Test">
    <skipped/>
  </testcase> <!-- AD_C333172_Verify_AdCalls_On_CleanLaunch -->
</testsuite> <!-- Android_SmokeTest -->
